# JRE version: Java(TM) SE Runtime Environment (8.0_151-b12) (build 1.8.0_151-b12)
# Java VM: Java HotSpot(TM) 64-Bit Server VM (25.151-b12 mixed mode linux-amd64 compressed oops)
Heap:
 PSYoungGen      total 281600K, used 12368K [0x00000000ebf80000, 0x0000000100000000, 0x0000000100000000)
  eden space 239104K, 0% used [0x00000000ebf80000,0x00000000ebf80000,0x00000000fa900000)
  from space 42496K, 29% used [0x00000000fd680000,0x00000000fe2942d0,0x0000000100000000)
  to   space 44544K, 0% used [0x00000000fa900000,0x00000000fa900000,0x00000000fd480000)
 ParOldGen       total 129536K, used 129053K [0x00000000c3e00000, 0x00000000cbc80000, 0x00000000ebf80000)
  object space 129536K, 99% used [0x00000000c3e00000,0x00000000cbc076f0,0x00000000cbc80000)
 Metaspace       used 9563K, capacity 9786K, committed 9984K, reserved 1058816K
  class space    used 1066K, capacity 1155K, committed 1280K, reserved 1048576K
GC Heap History (10 events):
Event: 13.951 GC heap after
Heap after GC invocations=10 (full 1):
 PSYoungGen      total 139264K, used 21500K [0x00000000ebf80000, 0x00000000fb480000, 0x0000000100000000)
  eden space 117760K, 0% used [0x00000000ebf80000,0x00000000ebf80000,0x00000000f3280000)
  from space 21504K, 99% used [0x00000000f3280000,0x00000000f477f3e0,0x00000000f4780000)
  to   space 31232K, 0% used [0x00000000f9600000,0x00000000f9600000,0x00000000fb480000)
 ParOldGen       total 74752K, used 42234K [0x00000000c3e00000, 0x00000000c8700000, 0x00000000ebf80000)
  object space 74752K, 56% used [0x00000000c3e00000,0x00000000c673e888,0x00000000c8700000)
 Metaspace       used 9556K, capacity 9786K, committed 9984K, reserved 1058816K
  class space    used 1065K, capacity 1155K, committed 1280K, reserved 1048576K
}
Event: 14.025 GC heap before
{Heap before GC invocations=11 (full 1):
 PSYoungGen      total 139264K, used 139260K [0x00000000ebf80000, 0x00000000fb480000, 0x0000000100000000)
  eden space 117760K, 100% used [0x00000000ebf80000,0x00000000f3280000,0x00000000f3280000)
  from space 21504K, 99% used [0x00000000f3280000,0x00000000f477f3e0,0x00000000f4780000)
  to   space 31232K, 0% used [0x00000000f9600000,0x00000000f9600000,0x00000000fb480000)
 ParOldGen       total 74752K, used 42234K [0x00000000c3e00000, 0x00000000c8700000, 0x00000000ebf80000)
  object space 74752K, 56% used [0x00000000c3e00000,0x00000000c673e888,0x00000000c8700000)
 Metaspace       used 9556K, capacity 9786K, committed 9984K, reserved 1058816K
  class space    used 1065K, capacity 1155K, committed 1280K, reserved 1048576K
Event: 15.155 GC heap after
Heap after GC invocations=11 (full 1):
 PSYoungGen      total 201728K, used 31222K [0x00000000ebf80000, 0x00000000fb480000, 0x0000000100000000)
  eden space 170496K, 0% used [0x00000000ebf80000,0x00000000ebf80000,0x00000000f6600000)
  from space 31232K, 99% used [0x00000000f9600000,0x00000000fb47db38,0x00000000fb480000)
  to   space 39936K, 0% used [0x00000000f6680000,0x00000000f6680000,0x00000000f8d80000)
 ParOldGen       total 74752K, used 52556K [0x00000000c3e00000, 0x00000000c8700000, 0x00000000ebf80000)
  object space 74752K, 70% used [0x00000000c3e00000,0x00000000c7153168,0x00000000c8700000)
 Metaspace       used 9556K, capacity 9786K, committed 9984K, reserved 1058816K
  class space    used 1065K, capacity 1155K, committed 1280K, reserved 1048576K
}
Event: 15.259 GC heap before
{Heap before GC invocations=12 (full 1):
 PSYoungGen      total 201728K, used 201718K [0x00000000ebf80000, 0x00000000fb480000, 0x0000000100000000)
  eden space 170496K, 100% used [0x00000000ebf80000,0x00000000f6600000,0x00000000f6600000)
  from space 31232K, 99% used [0x00000000f9600000,0x00000000fb47db38,0x00000000fb480000)
  to   space 39936K, 0% used [0x00000000f6680000,0x00000000f6680000,0x00000000f8d80000)
 ParOldGen       total 74752K, used 52556K [0x00000000c3e00000, 0x00000000c8700000, 0x00000000ebf80000)
  object space 74752K, 70% used [0x00000000c3e00000,0x00000000c7153168,0x00000000c8700000)
 Metaspace       used 9556K, capacity 9786K, committed 9984K, reserved 1058816K
  class space    used 1065K, capacity 1155K, committed 1280K, reserved 1048576K
Event: 19.407 GC heap after
Heap after GC invocations=12 (full 1):
 PSYoungGen      total 210944K, used 29054K [0x00000000ebf80000, 0x0000000100000000, 0x0000000100000000)
  eden space 171008K, 0% used [0x00000000ebf80000,0x00000000ebf80000,0x00000000f6680000)
  from space 39936K, 72% used [0x00000000f6680000,0x00000000f82dfb38,0x00000000f8d80000)
  to   space 42496K, 0% used [0x00000000fd680000,0x00000000fd680000,0x0000000100000000)
 ParOldGen       total 83968K, used 83757K [0x00000000c3e00000, 0x00000000c9000000, 0x00000000ebf80000)
  object space 83968K, 99% used [0x00000000c3e00000,0x00000000c8fcb470,0x00000000c9000000)
 Metaspace       used 9556K, capacity 9786K, committed 9984K, reserved 1058816K
  class space    used 1065K, capacity 1155K, committed 1280K, reserved 1048576K
}
Event: 19.407 GC heap before
{Heap before GC invocations=13 (full 2):
 PSYoungGen      total 210944K, used 29054K [0x00000000ebf80000, 0x0000000100000000, 0x0000000100000000)
  eden space 171008K, 0% used [0x00000000ebf80000,0x00000000ebf80000,0x00000000f6680000)
  from space 39936K, 72% used [0x00000000f6680000,0x00000000f82dfb38,0x00000000f8d80000)
  to   space 42496K, 0% used [0x00000000fd680000,0x00000000fd680000,0x0000000100000000)
 ParOldGen       total 83968K, used 83757K [0x00000000c3e00000, 0x00000000c9000000, 0x00000000ebf80000)
  object space 83968K, 99% used [0x00000000c3e00000,0x00000000c8fcb470,0x00000000c9000000)
 Metaspace       used 9556K, capacity 9786K, committed 9984K, reserved 1058816K
  class space    used 1065K, capacity 1155K, committed 1280K, reserved 1048576K
Event: 19.575 GC heap after
Heap after GC invocations=13 (full 2):
 PSYoungGen      total 210944K, used 29026K [0x00000000ebf80000, 0x0000000100000000, 0x0000000100000000)
  eden space 171008K, 0% used [0x00000000ebf80000,0x00000000ebf80000,0x00000000f6680000)
  from space 39936K, 72% used [0x00000000f6680000,0x00000000f82d8928,0x00000000f8d80000)
  to   space 42496K, 0% used [0x00000000fd680000,0x00000000fd680000,0x0000000100000000)
 ParOldGen       total 129536K, used 83685K [0x00000000c3e00000, 0x00000000cbc80000, 0x00000000ebf80000)
  object space 129536K, 64% used [0x00000000c3e00000,0x00000000c8fb96e8,0x00000000cbc80000)
 Metaspace       used 9556K, capacity 9786K, committed 9984K, reserved 1058816K
  class space    used 1065K, capacity 1155K, committed 1280K, reserved 1048576K
}
Event: 19.665 GC heap before
{Heap before GC invocations=14 (full 2):
 PSYoungGen      total 210944K, used 200034K [0x00000000ebf80000, 0x0000000100000000, 0x0000000100000000)
  eden space 171008K, 100% used [0x00000000ebf80000,0x00000000f6680000,0x00000000f6680000)
  from space 39936K, 72% used [0x00000000f6680000,0x00000000f82d8928,0x00000000f8d80000)
  to   space 42496K, 0% used [0x00000000fd680000,0x00000000fd680000,0x0000000100000000)
 ParOldGen       total 129536K, used 83685K [0x00000000c3e00000, 0x00000000cbc80000, 0x00000000ebf80000)
  object space 129536K, 64% used [0x00000000c3e00000,0x00000000c8fb96e8,0x00000000cbc80000)
 Metaspace       used 9563K, capacity 9786K, committed 9984K, reserved 1058816K
  class space    used 1066K, capacity 1155K, committed 1280K, reserved 1048576K
Event: 19.883 GC heap after
Heap after GC invocations=14 (full 2):
 PSYoungGen      total 281600K, used 28812K [0x00000000ebf80000, 0x0000000100000000, 0x0000000100000000)
  eden space 239104K, 0% used [0x00000000ebf80000,0x00000000ebf80000,0x00000000fa900000)
  from space 42496K, 67% used [0x00000000fd680000,0x00000000ff2a3098,0x0000000100000000)
  to   space 44544K, 0% used [0x00000000fa900000,0x00000000fa900000,0x00000000fd480000)
 ParOldGen       total 129536K, used 112680K [0x00000000c3e00000, 0x00000000cbc80000, 0x00000000ebf80000)
  object space 129536K, 86% used [0x00000000c3e00000,0x00000000cac0a040,0x00000000cbc80000)
 Metaspace       used 9563K, capacity 9786K, committed 9984K, reserved 1058816K
  class space    used 1066K, capacity 1155K, committed 1280K, reserved 1048576K
}
Event: 19.883 GC heap before
{Heap before GC invocations=15 (full 3):
 PSYoungGen      total 281600K, used 28812K [0x00000000ebf80000, 0x0000000100000000, 0x0000000100000000)
  eden space 239104K, 0% used [0x00000000ebf80000,0x00000000ebf80000,0x00000000fa900000)
  from space 42496K, 67% used [0x00000000fd680000,0x00000000ff2a3098,0x0000000100000000)
  to   space 44544K, 0% used [0x00000000fa900000,0x00000000fa900000,0x00000000fd480000)
 ParOldGen       total 129536K, used 112680K [0x00000000c3e00000, 0x00000000cbc80000, 0x00000000ebf80000)
  object space 129536K, 86% used [0x00000000c3e00000,0x00000000cac0a040,0x00000000cbc80000)
 Metaspace       used 9563K, capacity 9786K, committed 9984K, reserved 1058816K
  class space    used 1066K, capacity 1155K, committed 1280K, reserved 1048576K

